tests/e2e/test_01_config/test_13_backends.py::TestDatabaseBackendConfiguration::test_sqlite_default_backend FAILED [ 16%]
tests/e2e/test_01_config/test_13_backends.py::TestDatabaseBackendConfiguration::test_change_backend_to_duckdb FAILED [ 17%]
tests/e2e/test_01_config/test_13_backends.py::TestDatabaseBackendConfiguration::test_backend_env_override FAILED [ 18%]
tests/e2e/test_01_config/test_13_backends.py::TestDatabaseBackendConfiguration::test_invalid_backend_error FAILED [ 19%]
tests/e2e/test_01_config/test_13_backends.py::TestDatabaseBackendConfiguration::test_backend_isolation FAILED [ 20%]
tests/e2e/test_01_config/test_13_backends.py::TestDatabaseBackendConfiguration::test_sqlite_synchronous_setting FAILED [ 21%]
tests/e2e/test_01_config/test_13_backends.py::TestDatabaseBackendConfiguration::test_sqlalchemy_echo_setting FAILED [ 22%]
tests/e2e/test_01_config/test_14_logging.py::TestLoggingConfiguration::test_change_log_level_yaml FAILED [ 25%]
tests/e2e/test_01_config/test_14_logging.py::TestLoggingConfiguration::test_log_level_env_override FAILED [ 26%]
tests/e2e/test_01_config/test_14_logging.py::TestLoggingConfiguration::test_file_logging_yaml FAILED [ 27%]
tests/e2e/test_01_config/test_14_logging.py::TestLoggingConfiguration::test_log_file_rotation FAILED [ 29%]
tests/e2e/test_01_config/test_14_logging.py::TestLoggingConfiguration::test_log_format_default FAILED [ 30%]
tests/e2e/test_01_config/test_14_logging.py::TestLoggingConfiguration::test_debug_shows_module_info FAILED [ 31%]
tests/e2e/test_01_config/test_14_logging.py::TestLoggingConfiguration::test_suppress_external_library_logs FAILED [ 32%]
tests/e2e/test_01_config/test_15_perf.py::TestPerformanceConfiguration::test_custom_batch_size_yaml FAILED [ 35%]
tests/e2e/test_01_config/test_15_perf.py::TestPerformanceConfiguration::test_batch_size_env_override FAILED [ 36%]
tests/e2e/test_01_config/test_15_perf.py::TestPerformanceConfiguration::test_parallel_processing_enabled FAILED [ 37%]
tests/e2e/test_01_config/test_15_perf.py::TestPerformanceConfiguration::test_n_jobs_setting FAILED [ 38%]
tests/e2e/test_01_config/test_15_perf.py::TestPerformanceConfiguration::test_memory_limit_setting FAILED [ 39%]
tests/e2e/test_01_config/test_15_perf.py::TestPerformanceConfiguration::test_cache_size_setting FAILED [ 40%]
tests/e2e/test_01_config/test_15_perf.py::TestPerformanceConfiguration::test_disable_progress_bars FAILED [ 42%]
tests/e2e/test_01_config/test_15_perf.py::TestPerformanceConfiguration::test_optimize_dtypes_enabled FAILED [ 43%]
tests/e2e/test_01_config/test_15_perf.py::TestPerformanceConfiguration::test_compression_settings FAILED [ 44%]
tests/e2e/test_02_dataset/test_21_register.py::TestDatasetRegistration::test_force_flag_overwrites FAILED [ 63%]
tests/e2e/test_02_dataset/test_22_list.py::TestDatasetListingFiltering::test_list_all_datasets_default FAILED [ 67%]
tests/e2e/test_02_dataset/test_22_list.py::TestDatasetListingFiltering::test_list_with_limit FAILED [ 68%]
tests/e2e/test_02_dataset/test_22_list.py::TestDatasetListingFiltering::test_list_sort_by_name FAILED [ 69%]
tests/e2e/test_02_dataset/test_22_list.py::TestDatasetListingFiltering::test_list_sort_by_date FAILED [ 70%]
tests/e2e/test_02_dataset/test_22_list.py::TestDatasetListingFiltering::test_list_sort_by_size FAILED [ 71%]
tests/e2e/test_02_dataset/test_22_list.py::TestDatasetListingFiltering::test_filter_by_tag_single FAILED [ 72%]
tests/e2e/test_02_dataset/test_22_list.py::TestDatasetListingFiltering::test_filter_by_multiple_tags FAILED [ 73%]
tests/e2e/test_02_dataset/test_22_list.py::TestDatasetListingFiltering::test_filter_by_problem_type FAILED [ 74%]
tests/e2e/test_02_dataset/test_22_list.py::TestDatasetListingFiltering::test_verbose_output FAILED [ 79%]
tests/e2e/test_02_dataset/test_22_list.py::TestDatasetListingFiltering::test_no_matches_filter FAILED [ 81%]
tests/e2e/test_02_dataset/test_22_list.py::TestDatasetListingFiltering::test_list_performance FAILED [ 82%]
tests/e2e/test_02_dataset/test_23_info.py::TestDatasetInformationStatistics::test_dataset_info_basic FAILED [ 83%]
tests/e2e/test_02_dataset/test_23_info.py::TestDatasetInformationStatistics::test_dataset_info_schema FAILED [ 84%]
tests/e2e/test_02_dataset/test_23_info.py::TestDatasetInformationStatistics::test_dataset_info_size FAILED [ 87%]
tests/e2e/test_02_dataset/test_23_info.py::TestDatasetInformationStatistics::test_dataset_stats_basic FAILED [ 88%]
tests/e2e/test_02_dataset/test_23_info.py::TestDatasetInformationStatistics::test_dataset_stats_percentiles FAILED [ 89%]
tests/e2e/test_02_dataset/test_23_info.py::TestDatasetInformationStatistics::test_dataset_stats_categorical FAILED [ 91%]
tests/e2e/test_02_dataset/test_23_info.py::TestDatasetInformationStatistics::test_dataset_stats_target_distribution FAILED [ 92%]
tests/e2e/test_02_dataset/test_23_info.py::TestDatasetInformationStatistics::test_verbose_info FAILED [ 95%]
tests/e2e/test_02_dataset/test_23_info.py::TestDatasetInformationStatistics::test_info_large_dataset FAILED [ 97%]
tests/e2e/test_02_dataset/test_23_info.py::TestDatasetInformationStatistics::test_stats_computation_caching FAILED [ 98%]
FAILED tests/e2e/test_01_config/test_13_backends.py::TestDatabaseBackendConfiguration::test_sqlite_default_backend
FAILED tests/e2e/test_01_config/test_13_backends.py::TestDatabaseBackendConfiguration::test_change_backend_to_duckdb
FAILED tests/e2e/test_01_config/test_13_backends.py::TestDatabaseBackendConfiguration::test_backend_env_override
FAILED tests/e2e/test_01_config/test_13_backends.py::TestDatabaseBackendConfiguration::test_invalid_backend_error
FAILED tests/e2e/test_01_config/test_13_backends.py::TestDatabaseBackendConfiguration::test_backend_isolation
FAILED tests/e2e/test_01_config/test_13_backends.py::TestDatabaseBackendConfiguration::test_sqlite_synchronous_setting
FAILED tests/e2e/test_01_config/test_13_backends.py::TestDatabaseBackendConfiguration::test_sqlalchemy_echo_setting
FAILED tests/e2e/test_01_config/test_14_logging.py::TestLoggingConfiguration::test_change_log_level_yaml
FAILED tests/e2e/test_01_config/test_14_logging.py::TestLoggingConfiguration::test_log_level_env_override
FAILED tests/e2e/test_01_config/test_14_logging.py::TestLoggingConfiguration::test_file_logging_yaml
FAILED tests/e2e/test_01_config/test_14_logging.py::TestLoggingConfiguration::test_log_file_rotation
FAILED tests/e2e/test_01_config/test_14_logging.py::TestLoggingConfiguration::test_log_format_default
FAILED tests/e2e/test_01_config/test_14_logging.py::TestLoggingConfiguration::test_debug_shows_module_info
FAILED tests/e2e/test_01_config/test_14_logging.py::TestLoggingConfiguration::test_suppress_external_library_logs
FAILED tests/e2e/test_01_config/test_15_perf.py::TestPerformanceConfiguration::test_custom_batch_size_yaml
FAILED tests/e2e/test_01_config/test_15_perf.py::TestPerformanceConfiguration::test_batch_size_env_override
FAILED tests/e2e/test_01_config/test_15_perf.py::TestPerformanceConfiguration::test_parallel_processing_enabled
FAILED tests/e2e/test_01_config/test_15_perf.py::TestPerformanceConfiguration::test_n_jobs_setting
FAILED tests/e2e/test_01_config/test_15_perf.py::TestPerformanceConfiguration::test_memory_limit_setting
FAILED tests/e2e/test_01_config/test_15_perf.py::TestPerformanceConfiguration::test_cache_size_setting
FAILED tests/e2e/test_01_config/test_15_perf.py::TestPerformanceConfiguration::test_disable_progress_bars
FAILED tests/e2e/test_01_config/test_15_perf.py::TestPerformanceConfiguration::test_optimize_dtypes_enabled
FAILED tests/e2e/test_01_config/test_15_perf.py::TestPerformanceConfiguration::test_compression_settings
FAILED tests/e2e/test_02_dataset/test_21_register.py::TestDatasetRegistration::test_force_flag_overwrites
FAILED tests/e2e/test_02_dataset/test_22_list.py::TestDatasetListingFiltering::test_list_all_datasets_default
FAILED tests/e2e/test_02_dataset/test_22_list.py::TestDatasetListingFiltering::test_list_with_limit
FAILED tests/e2e/test_02_dataset/test_22_list.py::TestDatasetListingFiltering::test_list_sort_by_name
FAILED tests/e2e/test_02_dataset/test_22_list.py::TestDatasetListingFiltering::test_list_sort_by_date
FAILED tests/e2e/test_02_dataset/test_22_list.py::TestDatasetListingFiltering::test_list_sort_by_size
FAILED tests/e2e/test_02_dataset/test_22_list.py::TestDatasetListingFiltering::test_filter_by_tag_single
FAILED tests/e2e/test_02_dataset/test_22_list.py::TestDatasetListingFiltering::test_filter_by_multiple_tags
FAILED tests/e2e/test_02_dataset/test_22_list.py::TestDatasetListingFiltering::test_filter_by_problem_type
FAILED tests/e2e/test_02_dataset/test_22_list.py::TestDatasetListingFiltering::test_verbose_output
FAILED tests/e2e/test_02_dataset/test_22_list.py::TestDatasetListingFiltering::test_no_matches_filter
FAILED tests/e2e/test_02_dataset/test_22_list.py::TestDatasetListingFiltering::test_list_performance
FAILED tests/e2e/test_02_dataset/test_23_info.py::TestDatasetInformationStatistics::test_dataset_info_basic
FAILED tests/e2e/test_02_dataset/test_23_info.py::TestDatasetInformationStatistics::test_dataset_info_schema
FAILED tests/e2e/test_02_dataset/test_23_info.py::TestDatasetInformationStatistics::test_dataset_info_size
FAILED tests/e2e/test_02_dataset/test_23_info.py::TestDatasetInformationStatistics::test_dataset_stats_basic
FAILED tests/e2e/test_02_dataset/test_23_info.py::TestDatasetInformationStatistics::test_dataset_stats_percentiles
FAILED tests/e2e/test_02_dataset/test_23_info.py::TestDatasetInformationStatistics::test_dataset_stats_categorical
FAILED tests/e2e/test_02_dataset/test_23_info.py::TestDatasetInformationStatistics::test_dataset_stats_target_distribution
FAILED tests/e2e/test_02_dataset/test_23_info.py::TestDatasetInformationStatistics::test_verbose_info
FAILED tests/e2e/test_02_dataset/test_23_info.py::TestDatasetInformationStatistics::test_info_large_dataset
FAILED tests/e2e/test_02_dataset/test_23_info.py::TestDatasetInformationStatistics::test_stats_computation_caching
